Determining if the pthread_create exist failed with the following output:
Change Dir: /home/gray_wolf/Field_hawk/build/CMakeFiles/CMakeTmp

Run Build Command:"/usr/bin/make" "cmTC_91846/fast"
/usr/bin/make -f CMakeFiles/cmTC_91846.dir/build.make CMakeFiles/cmTC_91846.dir/build
make[1]: Entering directory '/home/gray_wolf/Field_hawk/build/CMakeFiles/CMakeTmp'
Building C object CMakeFiles/cmTC_91846.dir/CheckSymbolExists.c.o
/usr/bin/cc    -o CMakeFiles/cmTC_91846.dir/CheckSymbolExists.c.o   -c /home/gray_wolf/Field_hawk/build/CMakeFiles/CMakeTmp/CheckSymbolExists.c
Linking C executable cmTC_91846
/usr/bin/cmake -E cmake_link_script CMakeFiles/cmTC_91846.dir/link.txt --verbose=1
/usr/bin/cc      -rdynamic CMakeFiles/cmTC_91846.dir/CheckSymbolExists.c.o  -o cmTC_91846 
CMakeFiles/cmTC_91846.dir/CheckSymbolExists.c.o: In function `main':
CheckSymbolExists.c:(.text+0x1b): undefined reference to `pthread_create'
collect2: error: ld returned 1 exit status
CMakeFiles/cmTC_91846.dir/build.make:97: recipe for target 'cmTC_91846' failed
make[1]: *** [cmTC_91846] Error 1
make[1]: Leaving directory '/home/gray_wolf/Field_hawk/build/CMakeFiles/CMakeTmp'
Makefile:126: recipe for target 'cmTC_91846/fast' failed
make: *** [cmTC_91846/fast] Error 2

File /home/gray_wolf/Field_hawk/build/CMakeFiles/CMakeTmp/CheckSymbolExists.c:
/* */
#include <pthread.h>

int main(int argc, char** argv)
{
  (void)argv;
#ifndef pthread_create
  return ((int*)(&pthread_create))[argc];
#else
  (void)argc;
  return 0;
#endif
}

Determining if the function pthread_create exists in the pthreads failed with the following output:
Change Dir: /home/gray_wolf/Field_hawk/build/CMakeFiles/CMakeTmp

Run Build Command:"/usr/bin/make" "cmTC_9902a/fast"
/usr/bin/make -f CMakeFiles/cmTC_9902a.dir/build.make CMakeFiles/cmTC_9902a.dir/build
make[1]: Entering directory '/home/gray_wolf/Field_hawk/build/CMakeFiles/CMakeTmp'
Building C object CMakeFiles/cmTC_9902a.dir/CheckFunctionExists.c.o
/usr/bin/cc   -DCHECK_FUNCTION_EXISTS=pthread_create   -o CMakeFiles/cmTC_9902a.dir/CheckFunctionExists.c.o   -c /usr/share/cmake-3.10/Modules/CheckFunctionExists.c
Linking C executable cmTC_9902a
/usr/bin/cmake -E cmake_link_script CMakeFiles/cmTC_9902a.dir/link.txt --verbose=1
/usr/bin/cc  -DCHECK_FUNCTION_EXISTS=pthread_create    -rdynamic CMakeFiles/cmTC_9902a.dir/CheckFunctionExists.c.o  -o cmTC_9902a -lpthreads 
/usr/bin/ld: cannot find -lpthreads
collect2: error: ld returned 1 exit status
CMakeFiles/cmTC_9902a.dir/build.make:97: recipe for target 'cmTC_9902a' failed
make[1]: *** [cmTC_9902a] Error 1
make[1]: Leaving directory '/home/gray_wolf/Field_hawk/build/CMakeFiles/CMakeTmp'
Makefile:126: recipe for target 'cmTC_9902a/fast' failed
make: *** [cmTC_9902a/fast] Error 2


